{"/home/vrom/itacademy/testing/app/nivell1/async-await.js": {"path":"/home/vrom/itacademy/testing/app/nivell1/async-await.js","statementMap":{"0":{"start":{"line":6,"column":20},"end":{"line":11,"column":1}},"1":{"start":{"line":7,"column":19},"end":{"line":7,"column":51}},"2":{"start":{"line":7,"column":39},"end":{"line":7,"column":50}},"3":{"start":{"line":8,"column":2},"end":{"line":10,"column":4}},"4":{"start":{"line":9,"column":4},"end":{"line":9,"column":63}},"5":{"start":{"line":12,"column":19},"end":{"line":19,"column":1}},"6":{"start":{"line":13,"column":2},"end":{"line":13,"column":73}},"7":{"start":{"line":13,"column":17},"end":{"line":13,"column":73}},"8":{"start":{"line":14,"column":2},"end":{"line":14,"column":71}},"9":{"start":{"line":14,"column":17},"end":{"line":14,"column":71}},"10":{"start":{"line":15,"column":17},"end":{"line":15,"column":57}},"11":{"start":{"line":15,"column":36},"end":{"line":15,"column":56}},"12":{"start":{"line":16,"column":2},"end":{"line":18,"column":4}},"13":{"start":{"line":17,"column":4},"end":{"line":17,"column":83}},"14":{"start":{"line":23,"column":21},"end":{"line":37,"column":1}},"15":{"start":{"line":24,"column":2},"end":{"line":36,"column":4}},"16":{"start":{"line":25,"column":4},"end":{"line":35,"column":12}},"17":{"start":{"line":26,"column":6},"end":{"line":34,"column":7}},"18":{"start":{"line":27,"column":22},"end":{"line":27,"column":71}},"19":{"start":{"line":28,"column":8},"end":{"line":28,"column":17}},"20":{"start":{"line":29,"column":8},"end":{"line":29,"column":21}},"21":{"start":{"line":31,"column":20},"end":{"line":31,"column":35}},"22":{"start":{"line":32,"column":8},"end":{"line":32,"column":15}},"23":{"start":{"line":33,"column":8},"end":{"line":33,"column":20}},"24":{"start":{"line":39,"column":16},"end":{"line":43,"column":1}},"25":{"start":{"line":40,"column":2},"end":{"line":42,"column":26}},"26":{"start":{"line":41,"column":21},"end":{"line":41,"column":28}},"27":{"start":{"line":42,"column":20},"end":{"line":42,"column":25}},"28":{"start":{"line":45,"column":0},"end":{"line":49,"column":1}}},"fnMap":{"0":{"name":"(anonymous_0)","decl":{"start":{"line":6,"column":20},"end":{"line":6,"column":21}},"loc":{"start":{"line":6,"column":39},"end":{"line":11,"column":1}},"line":6},"1":{"name":"(anonymous_1)","decl":{"start":{"line":7,"column":34},"end":{"line":7,"column":35}},"loc":{"start":{"line":7,"column":39},"end":{"line":7,"column":50}},"line":7},"2":{"name":"(anonymous_2)","decl":{"start":{"line":8,"column":21},"end":{"line":8,"column":22}},"loc":{"start":{"line":8,"column":42},"end":{"line":10,"column":3}},"line":8},"3":{"name":"(anonymous_3)","decl":{"start":{"line":12,"column":19},"end":{"line":12,"column":20}},"loc":{"start":{"line":12,"column":43},"end":{"line":19,"column":1}},"line":12},"4":{"name":"(anonymous_4)","decl":{"start":{"line":15,"column":31},"end":{"line":15,"column":32}},"loc":{"start":{"line":15,"column":36},"end":{"line":15,"column":56}},"line":15},"5":{"name":"(anonymous_5)","decl":{"start":{"line":16,"column":21},"end":{"line":16,"column":22}},"loc":{"start":{"line":16,"column":42},"end":{"line":18,"column":3}},"line":16},"6":{"name":"(anonymous_6)","decl":{"start":{"line":23,"column":21},"end":{"line":23,"column":22}},"loc":{"start":{"line":23,"column":35},"end":{"line":37,"column":1}},"line":23},"7":{"name":"(anonymous_7)","decl":{"start":{"line":24,"column":21},"end":{"line":24,"column":22}},"loc":{"start":{"line":24,"column":42},"end":{"line":36,"column":3}},"line":24},"8":{"name":"(anonymous_8)","decl":{"start":{"line":25,"column":15},"end":{"line":25,"column":16}},"loc":{"start":{"line":25,"column":21},"end":{"line":35,"column":5}},"line":25},"9":{"name":"(anonymous_9)","decl":{"start":{"line":39,"column":16},"end":{"line":39,"column":17}},"loc":{"start":{"line":39,"column":36},"end":{"line":43,"column":1}},"line":39},"10":{"name":"(anonymous_10)","decl":{"start":{"line":41,"column":10},"end":{"line":41,"column":11}},"loc":{"start":{"line":41,"column":21},"end":{"line":41,"column":28}},"line":41},"11":{"name":"(anonymous_11)","decl":{"start":{"line":42,"column":11},"end":{"line":42,"column":12}},"loc":{"start":{"line":42,"column":20},"end":{"line":42,"column":25}},"line":42}},"branchMap":{"0":{"loc":{"start":{"line":9,"column":4},"end":{"line":9,"column":63}},"type":"cond-expr","locations":[{"start":{"line":9,"column":15},"end":{"line":9,"column":32}},{"start":{"line":9,"column":35},"end":{"line":9,"column":63}}],"line":9},"1":{"loc":{"start":{"line":13,"column":2},"end":{"line":13,"column":73}},"type":"if","locations":[{"start":{"line":13,"column":2},"end":{"line":13,"column":73}},{"start":{"line":13,"column":2},"end":{"line":13,"column":73}}],"line":13},"2":{"loc":{"start":{"line":14,"column":2},"end":{"line":14,"column":71}},"type":"if","locations":[{"start":{"line":14,"column":2},"end":{"line":14,"column":71}},{"start":{"line":14,"column":2},"end":{"line":14,"column":71}}],"line":14},"3":{"loc":{"start":{"line":17,"column":4},"end":{"line":17,"column":83}},"type":"cond-expr","locations":[{"start":{"line":17,"column":13},"end":{"line":17,"column":35}},{"start":{"line":17,"column":38},"end":{"line":17,"column":83}}],"line":17},"4":{"loc":{"start":{"line":26,"column":6},"end":{"line":34,"column":7}},"type":"if","locations":[{"start":{"line":26,"column":6},"end":{"line":34,"column":7}},{"start":{"line":26,"column":6},"end":{"line":34,"column":7}}],"line":26},"5":{"loc":{"start":{"line":26,"column":10},"end":{"line":26,"column":59}},"type":"binary-expr","locations":[{"start":{"line":26,"column":10},"end":{"line":26,"column":15}},{"start":{"line":26,"column":19},"end":{"line":26,"column":43}},{"start":{"line":26,"column":47},"end":{"line":26,"column":59}}],"line":26}},"s":{"0":1,"1":3,"2":7,"3":3,"4":3,"5":1,"6":3,"7":1,"8":2,"9":1,"10":1,"11":2,"12":1,"13":1,"14":1,"15":3,"16":3,"17":3,"18":2,"19":2,"20":2,"21":1,"22":1,"23":1,"24":1,"25":3,"26":1,"27":2,"28":1},"f":{"0":3,"1":7,"2":3,"3":3,"4":2,"5":1,"6":3,"7":3,"8":3,"9":3,"10":1,"11":2},"b":{"0":[2,1],"1":[1,2],"2":[1,1],"3":[1,0],"4":[2,1],"5":[3,2,1]},"_coverageSchema":"1a1c01bbd47fc00a2c39e90264f33305004495a9","hash":"034029c0f6b04c807d053338080b26787799e4b1"}
,"/home/vrom/itacademy/testing/app/nivell1/calculator.js": {"path":"/home/vrom/itacademy/testing/app/nivell1/calculator.js","statementMap":{"0":{"start":{"line":1,"column":12},"end":{"line":9,"column":1}},"1":{"start":{"line":2,"column":2},"end":{"line":8,"column":7}},"2":{"start":{"line":3,"column":4},"end":{"line":7,"column":5}},"3":{"start":{"line":4,"column":6},"end":{"line":4,"column":62}},"4":{"start":{"line":6,"column":6},"end":{"line":6,"column":31}},"5":{"start":{"line":10,"column":18},"end":{"line":19,"column":1}},"6":{"start":{"line":11,"column":2},"end":{"line":18,"column":4}},"7":{"start":{"line":12,"column":4},"end":{"line":17,"column":5}},"8":{"start":{"line":13,"column":6},"end":{"line":13,"column":62}},"9":{"start":{"line":15,"column":6},"end":{"line":16,"column":36}},"10":{"start":{"line":15,"column":23},"end":{"line":15,"column":42}},"11":{"start":{"line":16,"column":11},"end":{"line":16,"column":36}},"12":{"start":{"line":20,"column":17},"end":{"line":29,"column":1}},"13":{"start":{"line":21,"column":2},"end":{"line":28,"column":4}},"14":{"start":{"line":22,"column":4},"end":{"line":27,"column":5}},"15":{"start":{"line":23,"column":6},"end":{"line":23,"column":62}},"16":{"start":{"line":25,"column":6},"end":{"line":26,"column":36}},"17":{"start":{"line":25,"column":23},"end":{"line":25,"column":42}},"18":{"start":{"line":26,"column":11},"end":{"line":26,"column":36}},"19":{"start":{"line":31,"column":15},"end":{"line":40,"column":1}},"20":{"start":{"line":32,"column":2},"end":{"line":39,"column":4}},"21":{"start":{"line":33,"column":4},"end":{"line":38,"column":5}},"22":{"start":{"line":34,"column":6},"end":{"line":34,"column":62}},"23":{"start":{"line":36,"column":6},"end":{"line":37,"column":36}},"24":{"start":{"line":36,"column":23},"end":{"line":36,"column":42}},"25":{"start":{"line":37,"column":11},"end":{"line":37,"column":36}},"26":{"start":{"line":42,"column":0},"end":{"line":47,"column":1}}},"fnMap":{"0":{"name":"(anonymous_0)","decl":{"start":{"line":1,"column":12},"end":{"line":1,"column":13}},"loc":{"start":{"line":1,"column":25},"end":{"line":9,"column":1}},"line":1},"1":{"name":"(anonymous_1)","decl":{"start":{"line":2,"column":21},"end":{"line":2,"column":22}},"loc":{"start":{"line":2,"column":44},"end":{"line":8,"column":3}},"line":2},"2":{"name":"(anonymous_2)","decl":{"start":{"line":10,"column":18},"end":{"line":10,"column":19}},"loc":{"start":{"line":10,"column":31},"end":{"line":19,"column":1}},"line":10},"3":{"name":"(anonymous_3)","decl":{"start":{"line":11,"column":21},"end":{"line":11,"column":22}},"loc":{"start":{"line":11,"column":51},"end":{"line":18,"column":3}},"line":11},"4":{"name":"(anonymous_4)","decl":{"start":{"line":20,"column":17},"end":{"line":20,"column":18}},"loc":{"start":{"line":20,"column":30},"end":{"line":29,"column":1}},"line":20},"5":{"name":"(anonymous_5)","decl":{"start":{"line":21,"column":21},"end":{"line":21,"column":22}},"loc":{"start":{"line":21,"column":51},"end":{"line":28,"column":3}},"line":21},"6":{"name":"(anonymous_6)","decl":{"start":{"line":31,"column":15},"end":{"line":31,"column":16}},"loc":{"start":{"line":31,"column":28},"end":{"line":40,"column":1}},"line":31},"7":{"name":"(anonymous_7)","decl":{"start":{"line":32,"column":21},"end":{"line":32,"column":22}},"loc":{"start":{"line":32,"column":51},"end":{"line":39,"column":3}},"line":32}},"branchMap":{"0":{"loc":{"start":{"line":3,"column":4},"end":{"line":7,"column":5}},"type":"if","locations":[{"start":{"line":3,"column":4},"end":{"line":7,"column":5}},{"start":{"line":3,"column":4},"end":{"line":7,"column":5}}],"line":3},"1":{"loc":{"start":{"line":3,"column":8},"end":{"line":3,"column":101}},"type":"binary-expr","locations":[{"start":{"line":3,"column":8},"end":{"line":3,"column":40}},{"start":{"line":3,"column":44},"end":{"line":3,"column":101}}],"line":3},"2":{"loc":{"start":{"line":12,"column":4},"end":{"line":17,"column":5}},"type":"if","locations":[{"start":{"line":12,"column":4},"end":{"line":17,"column":5}},{"start":{"line":12,"column":4},"end":{"line":17,"column":5}}],"line":12},"3":{"loc":{"start":{"line":12,"column":8},"end":{"line":12,"column":101}},"type":"binary-expr","locations":[{"start":{"line":12,"column":8},"end":{"line":12,"column":40}},{"start":{"line":12,"column":44},"end":{"line":12,"column":101}}],"line":12},"4":{"loc":{"start":{"line":15,"column":6},"end":{"line":16,"column":36}},"type":"if","locations":[{"start":{"line":15,"column":6},"end":{"line":16,"column":36}},{"start":{"line":15,"column":6},"end":{"line":16,"column":36}}],"line":15},"5":{"loc":{"start":{"line":22,"column":4},"end":{"line":27,"column":5}},"type":"if","locations":[{"start":{"line":22,"column":4},"end":{"line":27,"column":5}},{"start":{"line":22,"column":4},"end":{"line":27,"column":5}}],"line":22},"6":{"loc":{"start":{"line":22,"column":8},"end":{"line":22,"column":101}},"type":"binary-expr","locations":[{"start":{"line":22,"column":8},"end":{"line":22,"column":40}},{"start":{"line":22,"column":44},"end":{"line":22,"column":101}}],"line":22},"7":{"loc":{"start":{"line":25,"column":6},"end":{"line":26,"column":36}},"type":"if","locations":[{"start":{"line":25,"column":6},"end":{"line":26,"column":36}},{"start":{"line":25,"column":6},"end":{"line":26,"column":36}}],"line":25},"8":{"loc":{"start":{"line":33,"column":4},"end":{"line":38,"column":5}},"type":"if","locations":[{"start":{"line":33,"column":4},"end":{"line":38,"column":5}},{"start":{"line":33,"column":4},"end":{"line":38,"column":5}}],"line":33},"9":{"loc":{"start":{"line":33,"column":8},"end":{"line":33,"column":101}},"type":"binary-expr","locations":[{"start":{"line":33,"column":8},"end":{"line":33,"column":40}},{"start":{"line":33,"column":44},"end":{"line":33,"column":101}}],"line":33},"10":{"loc":{"start":{"line":36,"column":6},"end":{"line":37,"column":36}},"type":"if","locations":[{"start":{"line":36,"column":6},"end":{"line":37,"column":36}},{"start":{"line":36,"column":6},"end":{"line":37,"column":36}}],"line":36}},"s":{"0":1,"1":3,"2":10,"3":1,"4":9,"5":1,"6":3,"7":7,"8":1,"9":6,"10":0,"11":6,"12":1,"13":4,"14":8,"15":2,"16":6,"17":0,"18":6,"19":1,"20":3,"21":6,"22":1,"23":5,"24":0,"25":5,"26":1},"f":{"0":3,"1":10,"2":3,"3":7,"4":4,"5":8,"6":3,"7":6},"b":{"0":[1,9],"1":[10,9],"2":[1,6],"3":[7,6],"4":[0,6],"5":[2,6],"6":[8,7],"7":[0,6],"8":[1,5],"9":[6,5],"10":[0,5]},"_coverageSchema":"1a1c01bbd47fc00a2c39e90264f33305004495a9","hash":"8789ac5ea925c92a44127df051a784c836dc3a1c"}
,"/home/vrom/itacademy/testing/app/nivell1/promises-callbacks.js": {"path":"/home/vrom/itacademy/testing/app/nivell1/promises-callbacks.js","statementMap":{"0":{"start":{"line":3,"column":20},"end":{"line":10,"column":1}},"1":{"start":{"line":4,"column":2},"end":{"line":4,"column":111}},"2":{"start":{"line":4,"column":59},"end":{"line":4,"column":111}},"3":{"start":{"line":5,"column":2},"end":{"line":5,"column":79}},"4":{"start":{"line":5,"column":30},"end":{"line":5,"column":79}},"5":{"start":{"line":6,"column":19},"end":{"line":6,"column":51}},"6":{"start":{"line":6,"column":39},"end":{"line":6,"column":50}},"7":{"start":{"line":7,"column":2},"end":{"line":9,"column":4}},"8":{"start":{"line":8,"column":4},"end":{"line":8,"column":77}},"9":{"start":{"line":12,"column":18},"end":{"line":20,"column":1}},"10":{"start":{"line":13,"column":2},"end":{"line":13,"column":108}},"11":{"start":{"line":13,"column":57},"end":{"line":13,"column":108}},"12":{"start":{"line":14,"column":2},"end":{"line":14,"column":98}},"13":{"start":{"line":14,"column":52},"end":{"line":14,"column":98}},"14":{"start":{"line":16,"column":17},"end":{"line":16,"column":57}},"15":{"start":{"line":16,"column":36},"end":{"line":16,"column":56}},"16":{"start":{"line":17,"column":2},"end":{"line":19,"column":4}},"17":{"start":{"line":18,"column":4},"end":{"line":18,"column":149}},"18":{"start":{"line":22,"column":0},"end":{"line":25,"column":1}}},"fnMap":{"0":{"name":"(anonymous_0)","decl":{"start":{"line":3,"column":20},"end":{"line":3,"column":21}},"loc":{"start":{"line":3,"column":39},"end":{"line":10,"column":1}},"line":3},"1":{"name":"(anonymous_1)","decl":{"start":{"line":6,"column":34},"end":{"line":6,"column":35}},"loc":{"start":{"line":6,"column":39},"end":{"line":6,"column":50}},"line":6},"2":{"name":"(anonymous_2)","decl":{"start":{"line":7,"column":21},"end":{"line":7,"column":22}},"loc":{"start":{"line":7,"column":42},"end":{"line":9,"column":3}},"line":7},"3":{"name":"(anonymous_3)","decl":{"start":{"line":12,"column":18},"end":{"line":12,"column":19}},"loc":{"start":{"line":12,"column":42},"end":{"line":20,"column":1}},"line":12},"4":{"name":"(anonymous_4)","decl":{"start":{"line":16,"column":31},"end":{"line":16,"column":32}},"loc":{"start":{"line":16,"column":36},"end":{"line":16,"column":56}},"line":16},"5":{"name":"(anonymous_5)","decl":{"start":{"line":17,"column":21},"end":{"line":17,"column":22}},"loc":{"start":{"line":17,"column":42},"end":{"line":19,"column":3}},"line":17}},"branchMap":{"0":{"loc":{"start":{"line":4,"column":2},"end":{"line":4,"column":111}},"type":"if","locations":[{"start":{"line":4,"column":2},"end":{"line":4,"column":111}},{"start":{"line":4,"column":2},"end":{"line":4,"column":111}}],"line":4},"1":{"loc":{"start":{"line":4,"column":6},"end":{"line":4,"column":57}},"type":"binary-expr","locations":[{"start":{"line":4,"column":6},"end":{"line":4,"column":31}},{"start":{"line":4,"column":35},"end":{"line":4,"column":57}}],"line":4},"2":{"loc":{"start":{"line":5,"column":2},"end":{"line":5,"column":79}},"type":"if","locations":[{"start":{"line":5,"column":2},"end":{"line":5,"column":79}},{"start":{"line":5,"column":2},"end":{"line":5,"column":79}}],"line":5},"3":{"loc":{"start":{"line":8,"column":4},"end":{"line":8,"column":77}},"type":"cond-expr","locations":[{"start":{"line":8,"column":15},"end":{"line":8,"column":32}},{"start":{"line":8,"column":35},"end":{"line":8,"column":77}}],"line":8},"4":{"loc":{"start":{"line":13,"column":2},"end":{"line":13,"column":108}},"type":"if","locations":[{"start":{"line":13,"column":2},"end":{"line":13,"column":108}},{"start":{"line":13,"column":2},"end":{"line":13,"column":108}}],"line":13},"5":{"loc":{"start":{"line":13,"column":6},"end":{"line":13,"column":55}},"type":"binary-expr","locations":[{"start":{"line":13,"column":6},"end":{"line":13,"column":30}},{"start":{"line":13,"column":34},"end":{"line":13,"column":55}}],"line":13},"6":{"loc":{"start":{"line":14,"column":2},"end":{"line":14,"column":98}},"type":"if","locations":[{"start":{"line":14,"column":2},"end":{"line":14,"column":98}},{"start":{"line":14,"column":2},"end":{"line":14,"column":98}}],"line":14},"7":{"loc":{"start":{"line":14,"column":6},"end":{"line":14,"column":50}},"type":"binary-expr","locations":[{"start":{"line":14,"column":6},"end":{"line":14,"column":34}},{"start":{"line":14,"column":38},"end":{"line":14,"column":50}}],"line":14},"8":{"loc":{"start":{"line":18,"column":4},"end":{"line":18,"column":149}},"type":"cond-expr","locations":[{"start":{"line":18,"column":13},"end":{"line":18,"column":85}},{"start":{"line":18,"column":88},"end":{"line":18,"column":149}}],"line":18}},"s":{"0":1,"1":7,"2":2,"3":5,"4":0,"5":5,"6":9,"7":5,"8":5,"9":1,"10":5,"11":1,"12":4,"13":1,"14":3,"15":7,"16":3,"17":3,"18":1},"f":{"0":7,"1":9,"2":5,"3":5,"4":7,"5":3},"b":{"0":[2,5],"1":[7,6],"2":[0,5],"3":[4,1],"4":[1,4],"5":[5,5],"6":[1,3],"7":[4,4],"8":[2,1]},"_coverageSchema":"1a1c01bbd47fc00a2c39e90264f33305004495a9","hash":"7d0963990ae0488f4643cdb96f99fb02c1268d78"}
}
