TN:
SF:app/nivell1/async-await.js
FN:6,(anonymous_0)
FN:7,(anonymous_1)
FN:8,(anonymous_2)
FN:12,(anonymous_3)
FN:15,(anonymous_4)
FN:16,(anonymous_5)
FN:23,(anonymous_6)
FN:24,(anonymous_7)
FN:25,(anonymous_8)
FN:39,(anonymous_9)
FN:41,(anonymous_10)
FN:42,(anonymous_11)
FNF:12
FNH:12
FNDA:3,(anonymous_0)
FNDA:7,(anonymous_1)
FNDA:3,(anonymous_2)
FNDA:3,(anonymous_3)
FNDA:2,(anonymous_4)
FNDA:1,(anonymous_5)
FNDA:3,(anonymous_6)
FNDA:3,(anonymous_7)
FNDA:3,(anonymous_8)
FNDA:3,(anonymous_9)
FNDA:1,(anonymous_10)
FNDA:2,(anonymous_11)
DA:6,1
DA:7,7
DA:8,3
DA:9,3
DA:12,1
DA:13,3
DA:14,2
DA:15,2
DA:16,1
DA:17,1
DA:23,1
DA:24,3
DA:25,3
DA:26,3
DA:27,2
DA:28,2
DA:29,2
DA:31,1
DA:32,1
DA:33,1
DA:39,1
DA:40,3
DA:41,1
DA:42,2
DA:45,1
LF:25
LH:25
BRDA:9,0,0,2
BRDA:9,0,1,1
BRDA:13,1,0,1
BRDA:13,1,1,2
BRDA:14,2,0,1
BRDA:14,2,1,1
BRDA:17,3,0,1
BRDA:17,3,1,0
BRDA:26,4,0,2
BRDA:26,4,1,1
BRDA:26,5,0,3
BRDA:26,5,1,2
BRDA:26,5,2,1
BRF:13
BRH:12
end_of_record
TN:
SF:app/nivell1/calculator.js
FN:1,(anonymous_0)
FN:2,(anonymous_1)
FN:10,(anonymous_2)
FN:11,(anonymous_3)
FN:20,(anonymous_4)
FN:21,(anonymous_5)
FN:31,(anonymous_6)
FN:32,(anonymous_7)
FNF:8
FNH:8
FNDA:3,(anonymous_0)
FNDA:10,(anonymous_1)
FNDA:3,(anonymous_2)
FNDA:7,(anonymous_3)
FNDA:4,(anonymous_4)
FNDA:8,(anonymous_5)
FNDA:3,(anonymous_6)
FNDA:6,(anonymous_7)
DA:1,1
DA:2,3
DA:3,10
DA:4,1
DA:6,9
DA:10,1
DA:11,3
DA:12,7
DA:13,1
DA:15,6
DA:16,6
DA:20,1
DA:21,4
DA:22,8
DA:23,2
DA:25,6
DA:26,6
DA:31,1
DA:32,3
DA:33,6
DA:34,1
DA:36,5
DA:37,5
DA:42,1
LF:24
LH:24
BRDA:3,0,0,1
BRDA:3,0,1,9
BRDA:3,1,0,10
BRDA:3,1,1,9
BRDA:12,2,0,1
BRDA:12,2,1,6
BRDA:12,3,0,7
BRDA:12,3,1,6
BRDA:15,4,0,0
BRDA:15,4,1,6
BRDA:22,5,0,2
BRDA:22,5,1,6
BRDA:22,6,0,8
BRDA:22,6,1,7
BRDA:25,7,0,0
BRDA:25,7,1,6
BRDA:33,8,0,1
BRDA:33,8,1,5
BRDA:33,9,0,6
BRDA:33,9,1,5
BRDA:36,10,0,0
BRDA:36,10,1,5
BRF:22
BRH:19
end_of_record
TN:
SF:app/nivell1/promises-callbacks.js
FN:3,(anonymous_0)
FN:6,(anonymous_1)
FN:7,(anonymous_2)
FN:12,(anonymous_3)
FN:16,(anonymous_4)
FN:17,(anonymous_5)
FNF:6
FNH:6
FNDA:7,(anonymous_0)
FNDA:9,(anonymous_1)
FNDA:5,(anonymous_2)
FNDA:5,(anonymous_3)
FNDA:7,(anonymous_4)
FNDA:3,(anonymous_5)
DA:3,1
DA:4,7
DA:5,5
DA:6,9
DA:7,5
DA:8,5
DA:12,1
DA:13,5
DA:14,4
DA:16,7
DA:17,3
DA:18,3
DA:22,1
LF:13
LH:13
BRDA:4,0,0,2
BRDA:4,0,1,5
BRDA:4,1,0,7
BRDA:4,1,1,6
BRDA:5,2,0,0
BRDA:5,2,1,5
BRDA:8,3,0,4
BRDA:8,3,1,1
BRDA:13,4,0,1
BRDA:13,4,1,4
BRDA:13,5,0,5
BRDA:13,5,1,5
BRDA:14,6,0,1
BRDA:14,6,1,3
BRDA:14,7,0,4
BRDA:14,7,1,4
BRDA:18,8,0,2
BRDA:18,8,1,1
BRF:18
BRH:17
end_of_record
